#
# There is insufficient memory for the Java Runtime Environment to continue.
# Native memory allocation (malloc) failed to allocate 1408640 bytes for Chunk::new
# Possible reasons:
#   The system is out of physical RAM or swap space
#   The process is running with CompressedOops enabled, and the Java Heap may be blocking the growth of the native heap
# Possible solutions:
#   Reduce memory load on the system
#   Increase physical memory or swap space
#   Check if swap backing store is full
#   Decrease Java heap size (-Xmx/-Xms)
#   Decrease number of Java threads
#   Decrease Java thread stack sizes (-Xss)
#   Set larger code cache with -XX:ReservedCodeCacheSize=
#   JVM is running with Unscaled Compressed Oops mode in which the Java heap is
#     placed in the first 4GB address space. The Java Heap base address is the
#     maximum limit for the native heap growth. Please use -XX:HeapBaseMinAddress
#     to set the Java Heap base and to place the Java Heap above 4GB virtual address.
# This output file may be truncated or incomplete.
#
#  Out of Memory Error (allocation.cpp:389), pid=17492, tid=0x0000000000000100
#
# JRE version: OpenJDK Runtime Environment (8.0_242-b01) (build 1.8.0_242-release-1644-b01)
# Java VM: OpenJDK 64-Bit Server VM (25.242-b01 mixed mode windows-amd64 compressed oops)
# Failed to write core dump. Minidumps are not enabled by default on client versions of Windows
#

---------------  T H R E A D  ---------------

Current thread (0x000000001741a800):  JavaThread "C2 CompilerThread1" daemon [_thread_in_native, id=256, stack(0x0000000018b70000,0x0000000018c70000)]

Stack: [0x0000000018b70000,0x0000000018c70000]
[error occurred during error reporting (printing stack bounds), id 0xc0000005]

Native frames: (J=compiled Java code, j=interpreted, Vv=VM code, C=native code)


Current CompileTask:
C2: 660360 18252       4       com.android.tools.r8.z.a.a.f::a (3630 bytes)


---------------  P R O C E S S  ---------------

Java Threads: ( => current thread )
  0x000000001e158000 JavaThread "ForkJoinPool.commonPool-worker-3" daemon [_thread_blocked, id=12388, stack(0x000000002f410000,0x000000002f510000)]
  0x000000001ee77000 JavaThread "ForkJoinPool.commonPool-worker-2" daemon [_thread_blocked, id=19300, stack(0x000000002f310000,0x000000002f410000)]
  0x000000001ee74800 JavaThread "ForkJoinPool.commonPool-worker-1" daemon [_thread_blocked, id=16748, stack(0x000000002ee10000,0x000000002ef10000)]
  0x000000001ee73000 JavaThread "WorkerExecutor Queue Thread 4" [_thread_blocked, id=19120, stack(0x000000002ed10000,0x000000002ee10000)]
  0x000000001ee72800 JavaThread "WorkerExecutor Queue Thread 3" [_thread_in_native, id=18908, stack(0x000000002e010000,0x000000002e110000)]
  0x000000001ee76000 JavaThread "Cache worker for Java compile cache (G:\SeniorProject\.gradle\6.5\javaCompile)" [_thread_blocked, id=19024, stack(0x000000002e410000,0x000000002e510000)]
  0x000000001ee6a800 JavaThread "Cache worker for Java compile cache (G:\Android Studio\gradle-6.5\caches\6.5\javaCompile)" [_thread_blocked, id=14364, stack(0x000000002e310000,0x000000002e410000)]
  0x000000001ee6e000 JavaThread "RMI TCP Connection(idle)" daemon [_thread_blocked, id=13148, stack(0x000000002e210000,0x000000002e310000)]
  0x000000001ee71800 JavaThread "RMI TCP Connection(6)-127.0.0.1" daemon [_thread_in_native, id=18244, stack(0x000000002e110000,0x000000002e210000)]
  0x000000001ee6d000 JavaThread "WorkerExecutor Queue Thread 2" [_thread_blocked, id=16020, stack(0x000000002df10000,0x000000002e010000)]
  0x000000001ee71000 JavaThread "stdout" [_thread_in_native, id=16120, stack(0x000000002de10000,0x000000002df10000)]
  0x000000001ee70000 JavaThread "stderr" [_thread_in_native, id=19032, stack(0x000000002dba0000,0x000000002dca0000)]
  0x000000001ee69000 JavaThread "pool-4-thread-1" [_thread_blocked, id=15532, stack(0x000000002dd10000,0x000000002de10000)]
  0x000000001ee68800 JavaThread "WorkerExecutor Queue" [_thread_blocked, id=16724, stack(0x000000001cd90000,0x000000001ce90000)]
  0x000000001ee6f800 JavaThread "Cache worker for execution history cache (G:\SeniorProject\.gradle\6.5\executionHistory)" [_thread_blocked, id=4960, stack(0x000000002d2a0000,0x000000002d3a0000)]
  0x000000001ee6e800 JavaThread "Execution worker for ':' Thread 3" [_thread_blocked, id=932, stack(0x000000002d1a0000,0x000000002d2a0000)]
  0x000000001e623000 JavaThread "Execution worker for ':' Thread 2" [_thread_blocked, id=19148, stack(0x000000002cfa0000,0x000000002d0a0000)]
  0x000000001e624000 JavaThread "Execution worker for ':'" [_thread_blocked, id=14768, stack(0x000000002c8a0000,0x000000002c9a0000)]
  0x000000001e622800 JavaThread "Cache worker for file content cache (G:\SeniorProject\.gradle\6.5\fileContent)" [_thread_blocked, id=8088, stack(0x000000002c7a0000,0x000000002c8a0000)]
  0x000000001e621800 JavaThread "Cache worker for Build Output Cleanup Cache (G:\SeniorProject\.gradle\buildOutputCleanup)" [_thread_blocked, id=18380, stack(0x000000002c3e0000,0x000000002c4e0000)]
  0x000000001e624800 JavaThread "jar transforms Thread 232" [_thread_blocked, id=5660, stack(0x000000002c090000,0x000000002c190000)]
  0x000000001e621000 JavaThread "jar transforms Thread 231" [_thread_blocked, id=18896, stack(0x000000002bae0000,0x000000002bbe0000)]
  0x000000001e618800 JavaThread "jar transforms Thread 230" [_thread_blocked, id=10072, stack(0x000000002a8e0000,0x000000002a9e0000)]
  0x000000001e61f800 JavaThread "jar transforms Thread 229" [_thread_blocked, id=10556, stack(0x000000002a5e0000,0x000000002a6e0000)]
  0x000000001e61e000 JavaThread "jar transforms Thread 228" [_thread_blocked, id=15368, stack(0x000000002a4e0000,0x000000002a5e0000)]
  0x000000001e61e800 JavaThread "jar transforms Thread 227" [_thread_blocked, id=7412, stack(0x000000002a3e0000,0x000000002a4e0000)]
  0x000000001e616800 JavaThread "jar transforms Thread 226" [_thread_blocked, id=8868, stack(0x000000002a1e0000,0x000000002a2e0000)]
  0x000000001e617000 JavaThread "jar transforms Thread 225" [_thread_blocked, id=4704, stack(0x000000002a0e0000,0x000000002a1e0000)]
  0x000000001e61d000 JavaThread "jar transforms Thread 224" [_thread_blocked, id=10192, stack(0x0000000029fe0000,0x000000002a0e0000)]
  0x000000001e61c800 JavaThread "jar transforms Thread 223" [_thread_blocked, id=17596, stack(0x0000000029ee0000,0x0000000029fe0000)]
  0x000000001e61b800 JavaThread "jar transforms Thread 222" [_thread_blocked, id=13236, stack(0x0000000029de0000,0x0000000029ee0000)]
  0x000000001e619800 JavaThread "jar transforms Thread 221" [_thread_blocked, id=17140, stack(0x0000000029ce0000,0x0000000029de0000)]
  0x000000001e615800 JavaThread "jar transforms Thread 220" [_thread_blocked, id=10960, stack(0x0000000029be0000,0x0000000029ce0000)]
  0x000000001e61a000 JavaThread "jar transforms Thread 219" [_thread_blocked, id=12256, stack(0x0000000029ae0000,0x0000000029be0000)]
  0x000000001e618000 JavaThread "jar transforms Thread 218" [_thread_blocked, id=17332, stack(0x00000000299e0000,0x0000000029ae0000)]
  0x000000001e61b000 JavaThread "jar transforms Thread 217" [_thread_blocked, id=12460, stack(0x00000000298e0000,0x00000000299e0000)]
  0x00000000208ac000 JavaThread "jar transforms Thread 216" [_thread_blocked, id=2844, stack(0x00000000297e0000,0x00000000298e0000)]
  0x00000000208ab000 JavaThread "jar transforms Thread 215" [_thread_blocked, id=17880, stack(0x00000000296e0000,0x00000000297e0000)]
  0x00000000208ae000 JavaThread "jar transforms Thread 214" [_thread_blocked, id=17748, stack(0x00000000295e0000,0x00000000296e0000)]
  0x00000000208ac800 JavaThread "jar transforms Thread 213" [_thread_blocked, id=3872, stack(0x00000000294e0000,0x00000000295e0000)]
  0x00000000208aa800 JavaThread "jar transforms Thread 212" [_thread_blocked, id=13948, stack(0x00000000293e0000,0x00000000294e0000)]
  0x00000000208ad800 JavaThread "jar transforms Thread 211" [_thread_blocked, id=17680, stack(0x00000000292e0000,0x00000000293e0000)]
  0x00000000208a9800 JavaThread "jar transforms Thread 210" [_thread_blocked, id=1960, stack(0x00000000291e0000,0x00000000292e0000)]
  0x00000000208a2000 JavaThread "jar transforms Thread 209" [_thread_blocked, id=15648, stack(0x00000000290e0000,0x00000000291e0000)]
  0x00000000208a9000 JavaThread "jar transforms Thread 208" [_thread_blocked, id=17360, stack(0x0000000028fe0000,0x00000000290e0000)]
  0x00000000208a8000 JavaThread "jar transforms Thread 207" [_thread_blocked, id=12320, stack(0x0000000028ee0000,0x0000000028fe0000)]
  0x00000000208a4800 JavaThread "jar transforms Thread 206" [_thread_blocked, id=15896, stack(0x0000000028de0000,0x0000000028ee0000)]
  0x00000000208a3800 JavaThread "jar transforms Thread 205" [_thread_blocked, id=12480, stack(0x0000000028ce0000,0x0000000028de0000)]
  0x00000000208a7800 JavaThread "jar transforms Thread 204" [_thread_blocked, id=18968, stack(0x0000000028be0000,0x0000000028ce0000)]
  0x00000000208a0800 JavaThread "jar transforms Thread 203" [_thread_blocked, id=18976, stack(0x0000000028ae0000,0x0000000028be0000)]
  0x00000000208a1800 JavaThread "jar transforms Thread 202" [_thread_blocked, id=18580, stack(0x00000000289e0000,0x0000000028ae0000)]
  0x00000000208a3000 JavaThread "jar transforms Thread 201" [_thread_blocked, id=11916, stack(0x00000000288e0000,0x00000000289e0000)]
  0x00000000208a6800 JavaThread "jar transforms Thread 200" [_thread_blocked, id=7568, stack(0x00000000287e0000,0x00000000288e0000)]
  0x00000000208a0000 JavaThread "jar transforms Thread 199" [_thread_blocked, id=8184, stack(0x00000000286e0000,0x00000000287e0000)]
  0x000000002089f000 JavaThread "jar transforms Thread 198" [_thread_blocked, id=18156, stack(0x00000000285e0000,0x00000000286e0000)]
  0x00000000208a5000 JavaThread "jar transforms Thread 197" [_thread_blocked, id=3760, stack(0x00000000284e0000,0x00000000285e0000)]
  0x00000000208a6000 JavaThread "jar transforms Thread 196" [_thread_blocked, id=17424, stack(0x00000000283e0000,0x00000000284e0000)]
  0x00000000200db000 JavaThread "jar transforms Thread 195" [_thread_blocked, id=14588, stack(0x00000000282e0000,0x00000000283e0000)]
  0x00000000200dd800 JavaThread "jar transforms Thread 194" [_thread_blocked, id=2152, stack(0x00000000281e0000,0x00000000282e0000)]
  0x00000000200da800 JavaThread "jar transforms Thread 193" [_thread_blocked, id=17956, stack(0x00000000280e0000,0x00000000281e0000)]
  0x00000000200df800 JavaThread "jar transforms Thread 192" [_thread_blocked, id=16856, stack(0x0000000027fe0000,0x00000000280e0000)]
  0x00000000200dc000 JavaThread "jar transforms Thread 191" [_thread_blocked, id=17280, stack(0x0000000027ee0000,0x0000000027fe0000)]
  0x00000000200df000 JavaThread "jar transforms Thread 190" [_thread_blocked, id=2848, stack(0x0000000027de0000,0x0000000027ee0000)]
  0x00000000200dc800 JavaThread "jar transforms Thread 189" [_thread_blocked, id=816, stack(0x0000000027ce0000,0x0000000027de0000)]
  0x00000000200de000 JavaThread "jar transforms Thread 188" [_thread_blocked, id=11028, stack(0x0000000027be0000,0x0000000027ce0000)]
  0x00000000200e0800 JavaThread "jar transforms Thread 187" [_thread_blocked, id=1896, stack(0x0000000027ae0000,0x0000000027be0000)]
  0x00000000200d3000 JavaThread "jar transforms Thread 186" [_thread_blocked, id=13912, stack(0x00000000279e0000,0x0000000027ae0000)]
  0x00000000200d8000 JavaThread "jar transforms Thread 185" [_thread_blocked, id=1204, stack(0x00000000278e0000,0x00000000279e0000)]
  0x00000000200d3800 JavaThread "jar transforms Thread 184" [_thread_blocked, id=17840, stack(0x00000000277e0000,0x00000000278e0000)]
  0x00000000200d9800 JavaThread "jar transforms Thread 183" [_thread_blocked, id=7844, stack(0x00000000276e0000,0x00000000277e0000)]
  0x00000000200d7800 JavaThread "jar transforms Thread 182" [_thread_blocked, id=1012, stack(0x00000000275e0000,0x00000000276e0000)]
  0x00000000200d9000 JavaThread "jar transforms Thread 181" [_thread_blocked, id=15860, stack(0x00000000274e0000,0x00000000275e0000)]
  0x00000000200d2000 JavaThread "jar transforms Thread 180" [_thread_blocked, id=12392, stack(0x00000000273e0000,0x00000000274e0000)]
  0x00000000200d6000 JavaThread "jar transforms Thread 179" [_thread_blocked, id=8800, stack(0x00000000272e0000,0x00000000273e0000)]
  0x00000000200d1800 JavaThread "jar transforms Thread 178" [_thread_blocked, id=18136, stack(0x00000000271e0000,0x00000000272e0000)]
  0x00000000200d5000 JavaThread "jar transforms Thread 177" [_thread_blocked, id=3448, stack(0x00000000270e0000,0x00000000271e0000)]
  0x00000000200d4800 JavaThread "jar transforms Thread 176" [_thread_blocked, id=16596, stack(0x0000000026fe0000,0x00000000270e0000)]
  0x00000000200d6800 JavaThread "jar transforms Thread 175" [_thread_blocked, id=13332, stack(0x0000000026ee0000,0x0000000026fe0000)]
  0x000000001b5ea800 JavaThread "jar transforms Thread 174" [_thread_blocked, id=17644, stack(0x0000000026de0000,0x0000000026ee0000)]
  0x000000001b5ef000 JavaThread "jar transforms Thread 173" [_thread_blocked, id=18368, stack(0x0000000026ce0000,0x0000000026de0000)]
  0x000000001b5ee000 JavaThread "jar transforms Thread 172" [_thread_blocked, id=16184, stack(0x0000000026be0000,0x0000000026ce0000)]
  0x000000001b5f1000 JavaThread "jar transforms Thread 171" [_thread_blocked, id=14284, stack(0x0000000026ae0000,0x0000000026be0000)]
  0x000000001b5f0800 JavaThread "jar transforms Thread 170" [_thread_blocked, id=18456, stack(0x00000000269e0000,0x0000000026ae0000)]
  0x000000001b5ec000 JavaThread "jar transforms Thread 169" [_thread_blocked, id=7836, stack(0x00000000268e0000,0x00000000269e0000)]
  0x000000001b5ef800 JavaThread "jar transforms Thread 168" [_thread_blocked, id=15912, stack(0x00000000267e0000,0x00000000268e0000)]
  0x000000001b5ed800 JavaThread "jar transforms Thread 167" [_thread_blocked, id=16964, stack(0x00000000266e0000,0x00000000267e0000)]
  0x000000001b5eb000 JavaThread "jar transforms Thread 166" [_thread_blocked, id=12604, stack(0x00000000265e0000,0x00000000266e0000)]
  0x000000001b5ec800 JavaThread "jar transforms Thread 165" [_thread_blocked, id=10664, stack(0x00000000264e0000,0x00000000265e0000)]
  0x000000001b5e3000 JavaThread "jar transforms Thread 164" [_thread_blocked, id=1984, stack(0x00000000263e0000,0x00000000264e0000)]
  0x000000001b5e9800 JavaThread "jar transforms Thread 163" [_thread_blocked, id=8196, stack(0x00000000262e0000,0x00000000263e0000)]
  0x000000001b5e4800 JavaThread "jar transforms Thread 162" [_thread_blocked, id=19308, stack(0x00000000261e0000,0x00000000262e0000)]
  0x000000001b5e6800 JavaThread "jar transforms Thread 161" [_thread_blocked, id=10792, stack(0x00000000260e0000,0x00000000261e0000)]
  0x000000001b5e6000 JavaThread "jar transforms Thread 160" [_thread_blocked, id=10956, stack(0x0000000025fe0000,0x00000000260e0000)]
  0x000000001b5e3800 JavaThread "jar transforms Thread 159" [_thread_blocked, id=6640, stack(0x0000000025ee0000,0x0000000025fe0000)]
  0x000000001b5e8000 JavaThread "jar transforms Thread 158" [_thread_blocked, id=17068, stack(0x0000000025de0000,0x0000000025ee0000)]
  0x000000001b5e2000 JavaThread "jar transforms Thread 157" [_thread_blocked, id=13368, stack(0x0000000025ce0000,0x0000000025de0000)]
  0x000000001b5e9000 JavaThread "jar transforms Thread 156" [_thread_blocked, id=12024, stack(0x0000000025be0000,0x0000000025ce0000)]
  0x000000001b5e7800 JavaThread "jar transforms Thread 155" [_thread_blocked, id=18860, stack(0x0000000025ae0000,0x0000000025be0000)]
  0x000000001b5e5000 JavaThread "jar transforms Thread 154" [_thread_blocked, id=9816, stack(0x00000000259e0000,0x0000000025ae0000)]
  0x000000001a0a4800 JavaThread "jar transforms Thread 153" [_thread_blocked, id=17700, stack(0x00000000258e0000,0x00000000259e0000)]
  0x000000001a0a3000 JavaThread "jar transforms Thread 152" [_thread_blocked, id=10712, stack(0x00000000257e0000,0x00000000258e0000)]
  0x000000001a0a2000 JavaThread "jar transforms Thread 151" [_thread_blocked, id=13088, stack(0x00000000256e0000,0x00000000257e0000)]
  0x000000001a0a8000 JavaThread "jar transforms Thread 150" [_thread_blocked, id=8652, stack(0x00000000255e0000,0x00000000256e0000)]
  0x000000001a0a7800 JavaThread "jar transforms Thread 149" [_thread_blocked, id=15708, stack(0x00000000254e0000,0x00000000255e0000)]
  0x000000001e155000 JavaThread "jar transforms Thread 148" [_thread_blocked, id=6688, stack(0x00000000253e0000,0x00000000254e0000)]
  0x000000001e154800 JavaThread "jar transforms Thread 147" [_thread_blocked, id=5468, stack(0x00000000252e0000,0x00000000253e0000)]
  0x000000001e156000 JavaThread "jar transforms Thread 146" [_thread_blocked, id=12980, stack(0x00000000251e0000,0x00000000252e0000)]
  0x000000001e157800 JavaThread "jar transforms Thread 145" [_thread_blocked, id=1864, stack(0x00000000250e0000,0x00000000251e0000)]
  0x000000001e14d000 JavaThread "jar transforms Thread 144" [_thread_blocked, id=2804, stack(0x0000000024fe0000,0x00000000250e0000)]
  0x000000001e14c000 JavaThread "jar transforms Thread 143" [_thread_blocked, id=13472, stack(0x0000000024ee0000,0x0000000024fe0000)]
  0x000000001e14b800 JavaThread "jar transforms Thread 142" [_thread_blocked, id=18552, stack(0x0000000024de0000,0x0000000024ee0000)]
  0x000000001e150800 JavaThread "jar transforms Thread 141" [_thread_blocked, id=15824, stack(0x0000000024ce0000,0x0000000024de0000)]
  0x000000001e152000 JavaThread "jar transforms Thread 140" [_thread_blocked, id=11152, stack(0x0000000024be0000,0x0000000024ce0000)]
  0x000000001e14f000 JavaThread "jar transforms Thread 139" [_thread_blocked, id=9104, stack(0x0000000024ae0000,0x0000000024be0000)]
  0x000000001e14a800 JavaThread "jar transforms Thread 138" [_thread_blocked, id=6080, stack(0x00000000249e0000,0x0000000024ae0000)]
  0x000000001e150000 JavaThread "jar transforms Thread 137" [_thread_blocked, id=2292, stack(0x00000000248e0000,0x00000000249e0000)]
  0x000000001f3b8000 JavaThread "jar transforms Thread 136" [_thread_blocked, id=12420, stack(0x00000000247e0000,0x00000000248e0000)]
  0x000000001f3b9800 JavaThread "jar transforms Thread 135" [_thread_blocked, id=9044, stack(0x00000000246e0000,0x00000000247e0000)]
  0x000000001f3ba000 JavaThread "jar transforms Thread 134" [_thread_blocked, id=3116, stack(0x00000000245e0000,0x00000000246e0000)]
  0x000000001f3b8800 JavaThread "jar transforms Thread 133" [_thread_blocked, id=16392, stack(0x00000000244e0000,0x00000000245e0000)]
  0x000000001f3b6800 JavaThread "jar transforms Thread 132" [_thread_blocked, id=15888, stack(0x00000000243e0000,0x00000000244e0000)]
  0x000000001f3b7000 JavaThread "jar transforms Thread 131" [_thread_blocked, id=6820, stack(0x00000000242e0000,0x00000000243e0000)]
  0x000000001f3b5800 JavaThread "jar transforms Thread 130" [_thread_blocked, id=8604, stack(0x00000000241e0000,0x00000000242e0000)]
  0x000000001f3b5000 JavaThread "jar transforms Thread 129" [_thread_blocked, id=1060, stack(0x00000000240e0000,0x00000000241e0000)]
  0x000000001f3ad800 JavaThread "jar transforms Thread 128" [_thread_blocked, id=18196, stack(0x0000000023fe0000,0x00000000240e0000)]
  0x000000001f3b3800 JavaThread "jar transforms Thread 127" [_thread_blocked, id=19112, stack(0x0000000023ee0000,0x0000000023fe0000)]
  0x000000001f3b2800 JavaThread "jar transforms Thread 126" [_thread_blocked, id=13432, stack(0x0000000023de0000,0x0000000023ee0000)]
  0x000000001f3b4000 JavaThread "jar transforms Thread 125" [_thread_blocked, id=6732, stack(0x0000000023ce0000,0x0000000023de0000)]
  0x000000001f3ac800 JavaThread "jar transforms Thread 124" [_thread_blocked, id=1456, stack(0x0000000023be0000,0x0000000023ce0000)]
  0x000000001f3ab000 JavaThread "jar transforms Thread 123" [_thread_blocked, id=4528, stack(0x00000000239e0000,0x0000000023ae0000)]
  0x000000001f3b2000 JavaThread "jar transforms Thread 122" [_thread_blocked, id=10660, stack(0x00000000238e0000,0x00000000239e0000)]
  0x000000001f3af800 JavaThread "jar transforms Thread 121" [_thread_blocked, id=12632, stack(0x00000000237e0000,0x00000000238e0000)]
  0x000000001b2b8000 JavaThread "jar transforms Thread 120" [_thread_blocked, id=8408, stack(0x00000000236e0000,0x00000000237e0000)]
  0x000000001b2b9800 JavaThread "jar transforms Thread 119" [_thread_blocked, id=2252, stack(0x00000000235e0000,0x00000000236e0000)]
  0x000000001b2b7800 JavaThread "jar transforms Thread 118" [_thread_blocked, id=9852, stack(0x00000000234e0000,0x00000000235e0000)]
  0x000000001b2b6800 JavaThread "jar transforms Thread 117" [_thread_blocked, id=10196, stack(0x00000000233e0000,0x00000000234e0000)]
  0x000000001b2b9000 JavaThread "Build operations Thread 4" [_thread_blocked, id=11312, stack(0x00000000232e0000,0x00000000233e0000)]
  0x000000001b2bb000 JavaThread "Build operations Thread 3" [_thread_blocked, id=18360, stack(0x00000000231e0000,0x00000000232e0000)]
  0x000000001b2ba800 JavaThread "Build operations Thread 2" [_thread_blocked, id=19428, stack(0x00000000230e0000,0x00000000231e0000)]
  0x000000001b2af000 JavaThread "Build operations" [_thread_blocked, id=4908, stack(0x0000000022d80000,0x0000000022e80000)]
  0x000000001b2b0000 JavaThread "Cache worker for cache directory md-rule (G:\Android Studio\gradle-6.5\caches\6.5\md-rule)" [_thread_blocked, id=16800, stack(0x0000000022c80000,0x0000000022d80000)]
  0x000000001b2b5000 JavaThread "Cache worker for cache directory md-supplier (G:\Android Studio\gradle-6.5\caches\6.5\md-supplier)" [_thread_blocked, id=10108, stack(0x0000000022b80000,0x0000000022c80000)]
  0x000000001b2ae800 JavaThread "Cache worker for checksums cache (G:\SeniorProject\.gradle\checksums)" [_thread_blocked, id=17132, stack(0x0000000022580000,0x0000000022680000)]
  0x000000001b2ad800 JavaThread "Cache worker for file hash cache (G:\SeniorProject\.gradle\6.5\fileHashes)" [_thread_blocked, id=18564, stack(0x0000000020da0000,0x0000000020ea0000)]
  0x000000001b2b4800 JavaThread "Thread-156" [_thread_blocked, id=13100, stack(0x000000001f830000,0x000000001f930000)]
  0x000000001b2b3800 JavaThread "Stdin handler" [_thread_blocked, id=18776, stack(0x000000001ce90000,0x000000001cf90000)]
  0x000000001b2b1800 JavaThread "Asynchronous log dispatcher for DefaultDaemonConnection: socket connection from /127.0.0.1:57517 to /127.0.0.1:57583" [_thread_blocked, id=14076, stack(0x000000001cc90000,0x000000001cd90000)]
  0x000000001b2b3000 JavaThread "Daemon worker Thread 2" [_thread_blocked, id=7312, stack(0x000000001cb90000,0x000000001cc90000)]
  0x000000001b2ad000 JavaThread "Cancel handler" [_thread_blocked, id=17472, stack(0x000000001ca90000,0x000000001cb90000)]
  0x000000001b2b2000 JavaThread "Handler for socket connection from /127.0.0.1:57517 to /127.0.0.1:57583" [_thread_in_native, id=18404, stack(0x000000001c990000,0x000000001ca90000)]
  0x000000001b2b0800 JavaThread "Daemon Thread 2" [_thread_blocked, id=6320, stack(0x000000001c690000,0x000000001c790000)]
  0x000000001e153800 JavaThread "RMI Reaper" [_thread_blocked, id=16908, stack(0x000000002daa0000,0x000000002dba0000)]
  0x000000001e153000 JavaThread "RMI TCP Accept-0" daemon [_thread_in_native, id=10012, stack(0x000000002d9a0000,0x000000002daa0000)]
  0x000000001e159000 JavaThread "GC Daemon" daemon [_thread_blocked, id=1484, stack(0x000000002d0a0000,0x000000002d1a0000)]
  0x000000001e151800 JavaThread "RMI Scheduler(0)" daemon [_thread_blocked, id=16972, stack(0x0000000000c50000,0x0000000000d50000)]
  0x000000001b2bc000 JavaThread "Memory manager" [_thread_blocked, id=16956, stack(0x000000002b9e0000,0x000000002bae0000)]
  0x000000001a0a5000 JavaThread "Cache worker for file content cache (G:\Android Studio\gradle-6.5\caches\6.5\fileContent)" [_thread_blocked, id=5340, stack(0x0000000022680000,0x0000000022780000)]
  0x000000001a0a3800 JavaThread "Cache worker for execution history cache (G:\Android Studio\gradle-6.5\caches\6.5\executionHistory)" [_thread_blocked, id=5372, stack(0x0000000020ea0000,0x0000000020fa0000)]
  0x000000001a0a1800 JavaThread "Cache worker for file hash cache (G:\Android Studio\gradle-6.5\caches\6.5\fileHashes)" [_thread_blocked, id=10676, stack(0x000000001d390000,0x000000001d490000)]
  0x000000001a0a6000 JavaThread "File lock request listener" [_thread_in_native, id=15052, stack(0x000000001d290000,0x000000001d390000)]
  0x000000001a0a6800 JavaThread "Cache worker for journal cache (G:\Android Studio\gradle-6.5\caches\journal-1)" [_thread_blocked, id=17568, stack(0x000000001d190000,0x000000001d290000)]
  0x000000001aafd800 JavaThread "Daemon periodic checks" [_thread_blocked, id=15072, stack(0x000000001c590000,0x000000001c690000)]
  0x000000001aa4a800 JavaThread "Incoming local TCP Connector on port 57517" [_thread_in_native, id=12496, stack(0x000000001c350000,0x000000001c450000)]
  0x00000000193af800 JavaThread "Daemon health stats" [_thread_blocked, id=14820, stack(0x000000001bd10000,0x000000001be10000)]
  0x0000000018da8800 JavaThread "Service Thread" daemon [_thread_blocked, id=13872, stack(0x0000000019170000,0x0000000019270000)]
  0x0000000017429800 JavaThread "C1 CompilerThread2" daemon [_thread_blocked, id=600, stack(0x0000000018c70000,0x0000000018d70000)]
=>0x000000001741a800 JavaThread "C2 CompilerThread1" daemon [_thread_in_native, id=256, stack(0x0000000018b70000,0x0000000018c70000)]
  0x0000000017414000 JavaThread "C2 CompilerThread0" daemon [_thread_in_native, id=4168, stack(0x0000000018a70000,0x0000000018b70000)]
  0x0000000017412000 JavaThread "Attach Listener" daemon [_thread_blocked, id=576, stack(0x0000000018970000,0x0000000018a70000)]
  0x0000000017411000 JavaThread "Signal Dispatcher" daemon [_thread_blocked, id=14248, stack(0x0000000018870000,0x0000000018970000)]
  0x00000000027ea000 JavaThread "Finalizer" daemon [_thread_blocked, id=2908, stack(0x0000000018670000,0x0000000018770000)]
  0x00000000027e1000 JavaThread "Reference Handler" daemon [_thread_blocked, id=18356, stack(0x0000000018570000,0x0000000018670000)]
  0x00000000025bd800 JavaThread "main" [_thread_blocked, id=6940, stack(0x00000000025f0000,0x00000000026f0000)]

Other Threads:
  0x00000000173d6800 VMThread [stack: 0x0000000018470000,0x0000000018570000] [id=17844]
  0x000000001746d000 WatcherThread [stack: 0x0000000019270000,0x0000000019370000] [id=17500]

VM state:not at safepoint (normal execution)

VM Mutex/Monitor currently owned by a thread: None

heap address: 0x0000000080000000, size: 2048 MB, Compressed Oops mode: 32-bit
Narrow klass base: 0x0000000000000000, Narrow klass shift: 3
Compressed class space size: 1073741824 Address: 0x0000000100000000

Heap:
 PSYoungGen      total 507392K, used 189704K [0x00000000d5580000, 0x0000000100000000, 0x0000000100000000)
  eden space 437248K, 43% used [0x00000000d5580000,0x00000000e0ec22a8,0x00000000f0080000)
  from space 70144K, 0% used [0x00000000f0080000,0x00000000f0080000,0x00000000f4500000)
  to   space 113664K, 0% used [0x00000000f9100000,0x00000000f9100000,0x0000000100000000)
 ParOldGen       total 441856K, used 238529K [0x0000000080000000, 0x000000009af80000, 0x00000000d5580000)
  object space 441856K, 53% used [0x0000000080000000,0x000000008e8f04a8,0x000000009af80000)
 Metaspace       used 100350K, capacity 105248K, committed 106008K, reserved 1140736K
  class space    used 13174K, capacity 14120K, committed 14384K, reserved 1048576K

Card table byte_map: [0x0000000011bb0000,0x0000000011fc0000] byte_map_base: 0x00000000117b0000

Marking Bits: (ParMarkBitMap*) 0x0000000058bcf030
 Begin Bits: [0x0000000012670000, 0x0000000014670000)
 End Bits:   [0x0000000014670000, 0x0000000016670000)

Polling page: 0x0000000002550000

CodeCache: size=245760Kb used=50886Kb max_used=50907Kb free=194873Kb
 bounds [0x00000000027f0000, 0x00000000059f0000, 0x00000000117f0000]
 total_blobs=15789 nmethods=14864 adapters=835
 compilation: enabled

Compilation events (10 events):
Event: 660.290 Thread 0x0000000017429800 18284       3       com.android.tools.r8.graph.p$$Lambda$887/340036623::a (37 bytes)
Event: 660.291 Thread 0x0000000017429800 nmethod 18284 0x0000000004313490 code [0x0000000004313600, 0x0000000004313848]
Event: 660.291 Thread 0x0000000017429800 18285       3       com.android.tools.r8.graph.a0::<init> (247 bytes)
Event: 660.292 Thread 0x0000000017429800 nmethod 18285 0x000000000537a650 code [0x000000000537a7e0, 0x000000000537ac08]
Event: 660.305 Thread 0x0000000017429800 18286       3       com.android.tools.r8.utils.I::a (172 bytes)
Event: 660.306 Thread 0x0000000017429800 nmethod 18286 0x0000000005922150 code [0x00000000059223a0, 0x00000000059230e8]
Event: 660.313 Thread 0x0000000017429800 18287       3       com.android.tools.r8.graph.Q0$b$$Lambda$1545/2032530024::test (8 bytes)
Event: 660.313 Thread 0x0000000017429800 nmethod 18287 0x0000000005375e10 code [0x0000000005375f80, 0x0000000005376210]
Event: 660.316 Thread 0x0000000017429800 18288       3       com.android.tools.r8.graph.p::c (38 bytes)
Event: 660.317 Thread 0x0000000017429800 nmethod 18288 0x0000000004cbd650 code [0x0000000004cbd7c0, 0x0000000004cbda68]

GC Heap History (10 events):
Event: 649.568 GC heap before
{Heap before GC invocations=18 (full 3):
 PSYoungGen      total 429568K, used 204941K [0x00000000d5580000, 0x00000000f2800000, 0x0000000100000000)
  eden space 404992K, 46% used [0x00000000d5580000,0x00000000e0d04188,0x00000000ee100000)
  from space 24576K, 69% used [0x00000000f1000000,0x00000000f209f630,0x00000000f2800000)
  to   space 36352K, 0% used [0x00000000ee100000,0x00000000ee100000,0x00000000f0480000)
 ParOldGen       total 129536K, used 99582K [0x0000000080000000, 0x0000000087e80000, 0x00000000d5580000)
  object space 129536K, 76% used [0x0000000080000000,0x000000008613f8a0,0x0000000087e80000)
 Metaspace       used 93864K, capacity 98514K, committed 98600K, reserved 1134592K
  class space    used 12295K, capacity 13151K, committed 13232K, reserved 1048576K
Event: 649.651 GC heap after
Heap after GC invocations=18 (full 3):
 PSYoungGen      total 441344K, used 36335K [0x00000000d5580000, 0x00000000f7000000, 0x0000000100000000)
  eden space 404992K, 0% used [0x00000000d5580000,0x00000000d5580000,0x00000000ee100000)
  from space 36352K, 99% used [0x00000000ee100000,0x00000000f047be08,0x00000000f0480000)
  to   space 44032K, 0% used [0x00000000f4500000,0x00000000f4500000,0x00000000f7000000)
 ParOldGen       total 129536K, used 104634K [0x0000000080000000, 0x0000000087e80000, 0x00000000d5580000)
  object space 129536K, 80% used [0x0000000080000000,0x000000008662ebd8,0x0000000087e80000)
 Metaspace       used 93864K, capacity 98514K, committed 98600K, reserved 1134592K
  class space    used 12295K, capacity 13151K, committed 13232K, reserved 1048576K
}
Event: 649.651 GC heap before
{Heap before GC invocations=19 (full 4):
 PSYoungGen      total 441344K, used 36335K [0x00000000d5580000, 0x00000000f7000000, 0x0000000100000000)
  eden space 404992K, 0% used [0x00000000d5580000,0x00000000d5580000,0x00000000ee100000)
  from space 36352K, 99% used [0x00000000ee100000,0x00000000f047be08,0x00000000f0480000)
  to   space 44032K, 0% used [0x00000000f4500000,0x00000000f4500000,0x00000000f7000000)
 ParOldGen       total 129536K, used 104634K [0x0000000080000000, 0x0000000087e80000, 0x00000000d5580000)
  object space 129536K, 80% used [0x0000000080000000,0x000000008662ebd8,0x0000000087e80000)
 Metaspace       used 93864K, capacity 98514K, committed 98600K, reserved 1134592K
  class space    used 12295K, capacity 13151K, committed 13232K, reserved 1048576K
Event: 650.156 GC heap after
Heap after GC invocations=19 (full 4):
 PSYoungGen      total 441344K, used 0K [0x00000000d5580000, 0x00000000f7000000, 0x0000000100000000)
  eden space 404992K, 0% used [0x00000000d5580000,0x00000000d5580000,0x00000000ee100000)
  from space 36352K, 0% used [0x00000000ee100000,0x00000000ee100000,0x00000000f0480000)
  to   space 44032K, 0% used [0x00000000f4500000,0x00000000f4500000,0x00000000f7000000)
 ParOldGen       total 246784K, used 109399K [0x0000000080000000, 0x000000008f100000, 0x00000000d5580000)
  object space 246784K, 44% used [0x0000000080000000,0x0000000086ad5ef0,0x000000008f100000)
 Metaspace       used 93299K, capacity 97304K, committed 98600K, reserved 1134592K
  class space    used 12170K, capacity 12928K, committed 13232K, reserved 1048576K
}
Event: 656.396 GC heap before
{Heap before GC invocations=20 (full 4):
 PSYoungGen      total 441344K, used 404992K [0x00000000d5580000, 0x00000000f7000000, 0x0000000100000000)
  eden space 404992K, 100% used [0x00000000d5580000,0x00000000ee100000,0x00000000ee100000)
  from space 36352K, 0% used [0x00000000ee100000,0x00000000ee100000,0x00000000f0480000)
  to   space 44032K, 0% used [0x00000000f4500000,0x00000000f4500000,0x00000000f7000000)
 ParOldGen       total 246784K, used 109399K [0x0000000080000000, 0x000000008f100000, 0x00000000d5580000)
  object space 246784K, 44% used [0x0000000080000000,0x0000000086ad5ef0,0x000000008f100000)
 Metaspace       used 100579K, capacity 105754K, committed 106008K, reserved 1140736K
  class space    used 13294K, capacity 14349K, committed 14384K, reserved 1048576K
Event: 656.504 GC heap after
Heap after GC invocations=20 (full 4):
 PSYoungGen      total 481280K, used 44031K [0x00000000d5580000, 0x00000000fb680000, 0x0000000100000000)
  eden space 437248K, 0% used [0x00000000d5580000,0x00000000d5580000,0x00000000f0080000)
  from space 44032K, 99% used [0x00000000f4500000,0x00000000f6fffe08,0x00000000f7000000)
  to   space 70144K, 0% used [0x00000000f0080000,0x00000000f0080000,0x00000000f4500000)
 ParOldGen       total 246784K, used 162114K [0x0000000080000000, 0x000000008f100000, 0x00000000d5580000)
  object space 246784K, 65% used [0x0000000080000000,0x0000000089e509e8,0x000000008f100000)
 Metaspace       used 100579K, capacity 105754K, committed 106008K, reserved 1140736K
  class space    used 13294K, capacity 14349K, committed 14384K, reserved 1048576K
}
Event: 658.145 GC heap before
{Heap before GC invocations=21 (full 4):
 PSYoungGen      total 481280K, used 481279K [0x00000000d5580000, 0x00000000fb680000, 0x0000000100000000)
  eden space 437248K, 100% used [0x00000000d5580000,0x00000000f0080000,0x00000000f0080000)
  from space 44032K, 99% used [0x00000000f4500000,0x00000000f6fffe08,0x00000000f7000000)
  to   space 70144K, 0% used [0x00000000f0080000,0x00000000f0080000,0x00000000f4500000)
 ParOldGen       total 246784K, used 162114K [0x0000000080000000, 0x000000008f100000, 0x00000000d5580000)
  object space 246784K, 65% used [0x0000000080000000,0x0000000089e509e8,0x000000008f100000)
 Metaspace       used 100667K, capacity 105836K, committed 106008K, reserved 1140736K
  class space    used 13299K, capacity 14350K, committed 14384K, reserved 1048576K
Event: 658.384 GC heap after
Heap after GC invocations=21 (full 4):
 PSYoungGen      total 507392K, used 70139K [0x00000000d5580000, 0x0000000100000000, 0x0000000100000000)
  eden space 437248K, 0% used [0x00000000d5580000,0x00000000d5580000,0x00000000f0080000)
  from space 70144K, 99% used [0x00000000f0080000,0x00000000f44fee38,0x00000000f4500000)
  to   space 113664K, 0% used [0x00000000f9100000,0x00000000f9100000,0x0000000100000000)
 ParOldGen       total 247808K, used 247514K [0x0000000080000000, 0x000000008f200000, 0x00000000d5580000)
  object space 247808K, 99% used [0x0000000080000000,0x000000008f1b6ae0,0x000000008f200000)
 Metaspace       used 100667K, capacity 105836K, committed 106008K, reserved 1140736K
  class space    used 13299K, capacity 14350K, committed 14384K, reserved 1048576K
}
Event: 658.384 GC heap before
{Heap before GC invocations=22 (full 5):
 PSYoungGen      total 507392K, used 70139K [0x00000000d5580000, 0x0000000100000000, 0x0000000100000000)
  eden space 437248K, 0% used [0x00000000d5580000,0x00000000d5580000,0x00000000f0080000)
  from space 70144K, 99% used [0x00000000f0080000,0x00000000f44fee38,0x00000000f4500000)
  to   space 113664K, 0% used [0x00000000f9100000,0x00000000f9100000,0x0000000100000000)
 ParOldGen       total 247808K, used 247514K [0x0000000080000000, 0x000000008f200000, 0x00000000d5580000)
  object space 247808K, 99% used [0x0000000080000000,0x000000008f1b6ae0,0x000000008f200000)
 Metaspace       used 100667K, capacity 105836K, committed 106008K, reserved 1140736K
  class space    used 13299K, capacity 14350K, committed 14384K, reserved 1048576K
Event: 659.514 GC heap after
Heap after GC invocations=22 (full 5):
 PSYoungGen      total 507392K, used 0K [0x00000000d5580000, 0x0000000100000000, 0x0000000100000000)
  eden space 437248K, 0% used [0x00000000d5580000,0x00000000d5580000,0x00000000f0080000)
  from space 70144K, 0% used [0x00000000f0080000,0x00000000f0080000,0x00000000f4500000)
  to   space 113664K, 0% used [0x00000000f9100000,0x00000000f9100000,0x0000000100000000)
 ParOldGen       total 441856K, used 238529K [0x0000000080000000, 0x000000009af80000, 0x00000000d5580000)
  object space 441856K, 53% used [0x0000000080000000,0x000000008e8f04a8,0x000000009af80000)
 Metaspace       used 100335K, capacity 105238K, committed 106008K, reserved 1140736K
  class space    used 13172K, capacity 14119K, committed 14384K, reserved 1048576K
}

Deoptimization events (10 events):
Event: 656.779 Thread 0x000000001e158000 Uncommon trap: reason=unstable_if action=reinterpret pc=0x0000000002cea07c method=java.util.concurrent.ConcurrentHashMap.transfer([Ljava/util/concurrent/ConcurrentHashMap$Node;[Ljava/util/concurrent/ConcurrentHashMap$Node;)V @ 34
Event: 656.779 Thread 0x000000001e158000 Uncommon trap: reason=unstable_if action=reinterpret pc=0x0000000002ce88ec method=java.util.concurrent.ConcurrentHashMap.transfer([Ljava/util/concurrent/ConcurrentHashMap$Node;[Ljava/util/concurrent/ConcurrentHashMap$Node;)V @ 277
Event: 656.931 Thread 0x000000001ee77000 Uncommon trap: reason=unstable_if action=reinterpret pc=0x000000000536158c method=com.android.tools.r8.utils.T.d(Ljava/lang/String;)[Ljava/lang/String; @ 149
Event: 656.980 Thread 0x000000001e158000 Uncommon trap: reason=unstable_if action=reinterpret pc=0x0000000003541044 method=java.util.concurrent.ConcurrentHashMap.putVal(Ljava/lang/Object;Ljava/lang/Object;Z)Ljava/lang/Object; @ 331
Event: 657.129 Thread 0x000000001ee77000 Uncommon trap: reason=unstable_if action=reinterpret pc=0x0000000003f2569c method=java.util.concurrent.ConcurrentHashMap.transfer([Ljava/util/concurrent/ConcurrentHashMap$Node;[Ljava/util/concurrent/ConcurrentHashMap$Node;)V @ 356
Event: 657.435 Thread 0x000000001ee74800 Uncommon trap: reason=unstable_if action=reinterpret pc=0x0000000004aab4e0 method=com.android.tools.r8.utils.Y.d(I)Z @ 45
Event: 657.455 Thread 0x000000001e158000 Uncommon trap: reason=unstable_if action=reinterpret pc=0x0000000002f4068c method=com.android.tools.r8.utils.Y.d(I)Z @ 45
Event: 657.457 Thread 0x000000001e158000 Uncommon trap: reason=unstable_if action=reinterpret pc=0x00000000052deed8 method=java.util.concurrent.ConcurrentHashMap.computeIfAbsent(Ljava/lang/Object;Ljava/util/function/Function;)Ljava/lang/Object; @ 281
Event: 658.048 Thread 0x000000001ee74800 Uncommon trap: reason=unstable_if action=reinterpret pc=0x0000000005932a2c method=com.android.tools.r8.z.a.a.f.a(Lcom/android/tools/r8/z/a/a/h;[Lcom/android/tools/r8/z/a/a/d;I)V @ 2924
Event: 659.567 Thread 0x000000001ee72800 Uncommon trap: reason=unstable_if action=reinterpret pc=0x000000000590a938 method=com.android.tools.r8.graph.I0$d.c()V @ 76

Classes redefined (0 events):
No events

Internal exceptions (10 events):
Event: 653.786 Thread 0x000000001ee68800 Exception <a 'sun/nio/fs/WindowsException'> (0x00000000df214490) thrown at [C:\src\AOSP-openjdk-git\hotspot\src\share\vm\prims\jni.cpp, line 710]
Event: 653.791 Thread 0x000000001ee68800 Exception <a 'sun/nio/fs/WindowsException'> (0x00000000df25ebd8) thrown at [C:\src\AOSP-openjdk-git\hotspot\src\share\vm\prims\jni.cpp, line 710]
Event: 653.792 Thread 0x000000001ee6d000 Exception <a 'sun/nio/fs/WindowsException'> (0x00000000df349358) thrown at [C:\src\AOSP-openjdk-git\hotspot\src\share\vm\prims\jni.cpp, line 710]
Event: 653.796 Thread 0x000000001ee6d000 Exception <a 'sun/nio/fs/WindowsException'> (0x00000000df352ad0) thrown at [C:\src\AOSP-openjdk-git\hotspot\src\share\vm\prims\jni.cpp, line 710]
Event: 653.800 Thread 0x000000001ee68800 Exception <a 'sun/nio/fs/WindowsException'> (0x00000000df2a6b98) thrown at [C:\src\AOSP-openjdk-git\hotspot\src\share\vm\prims\jni.cpp, line 710]
Event: 653.803 Thread 0x000000001ee6d000 Exception <a 'sun/nio/fs/WindowsException'> (0x00000000df3e3458) thrown at [C:\src\AOSP-openjdk-git\hotspot\src\share\vm\prims\jni.cpp, line 710]
Event: 653.807 Thread 0x000000001ee68800 Exception <a 'sun/nio/fs/WindowsException'> (0x00000000df2ae398) thrown at [C:\src\AOSP-openjdk-git\hotspot\src\share\vm\prims\jni.cpp, line 710]
Event: 653.848 Thread 0x000000001ee68800 Exception <a 'sun/nio/fs/WindowsException'> (0x00000000df616828) thrown at [C:\src\AOSP-openjdk-git\hotspot\src\share\vm\prims\jni.cpp, line 710]
Event: 653.852 Thread 0x000000001ee68800 Exception <a 'sun/nio/fs/WindowsException'> (0x00000000df660548) thrown at [C:\src\AOSP-openjdk-git\hotspot\src\share\vm\prims\jni.cpp, line 710]
Event: 654.506 Thread 0x000000001b2b3000 Exception <a 'java/lang/NoSuchMethodError': <clinit>> (0x00000000dfa40310) thrown at [C:\src\AOSP-openjdk-git\hotspot\src\share\vm\prims\jni.cpp, line 1615]

Events (10 events):
Event: 659.916 Thread 0x000000001ee72800 DEOPT PACKING pc=0x0000000005993728 sp=0x000000002e10d2e0
Event: 659.916 Thread 0x000000001ee72800 DEOPT UNPACKING pc=0x00000000028375d0 sp=0x000000002e10d3e0 mode 0
Event: 659.941 Thread 0x000000001ee72800 DEOPT PACKING pc=0x0000000005993728 sp=0x000000002e10d2e0
Event: 659.941 Thread 0x000000001ee72800 DEOPT UNPACKING pc=0x00000000028375d0 sp=0x000000002e10d3e0 mode 0
Event: 659.982 Thread 0x000000001ee72800 DEOPT PACKING pc=0x0000000002d7d448 sp=0x000000002e10cbc0
Event: 659.982 Thread 0x000000001ee72800 DEOPT UNPACKING pc=0x00000000028375d0 sp=0x000000002e10c998 mode 0
Event: 660.070 Thread 0x000000001ee72800 DEOPT PACKING pc=0x0000000005993728 sp=0x000000002e10d330
Event: 660.070 Thread 0x000000001ee72800 DEOPT UNPACKING pc=0x00000000028375d0 sp=0x000000002e10d430 mode 0
Event: 660.314 Thread 0x000000001ee72800 DEOPT PACKING pc=0x0000000005993728 sp=0x000000002e10d470
Event: 660.314 Thread 0x000000001ee72800 DEOPT UNPACKING pc=0x00000000028375d0 sp=0x000000002e10d570 mode 0


Dynamic libraries:
0x00007ff636900000 - 0x00007ff636931000 	G:\Android Studio\jre\bin\java.exe
0x00007ffec9340000 - 0x00007ffec9530000 	C:\WINDOWS\SYSTEM32\ntdll.dll
0x00007ffec8aa0000 - 0x00007ffec8b52000 	C:\WINDOWS\System32\KERNEL32.DLL
0x00007ffec6620000 - 0x00007ffec68c5000 	C:\WINDOWS\System32\KERNELBASE.dll
0x00007ffec8850000 - 0x00007ffec88f3000 	C:\WINDOWS\System32\ADVAPI32.dll
0x00007ffec7790000 - 0x00007ffec782e000 	C:\WINDOWS\System32\msvcrt.dll
0x00007ffec7f20000 - 0x00007ffec7fb7000 	C:\WINDOWS\System32\sechost.dll
0x00007ffec8c90000 - 0x00007ffec8db0000 	C:\WINDOWS\System32\RPCRT4.dll
0x00007ffec8900000 - 0x00007ffec8a95000 	C:\WINDOWS\System32\USER32.dll
0x00007ffec6a70000 - 0x00007ffec6a91000 	C:\WINDOWS\System32\win32u.dll
0x00007ffec8660000 - 0x00007ffec8686000 	C:\WINDOWS\System32\GDI32.dll
0x00007ffec68d0000 - 0x00007ffec6a66000 	C:\WINDOWS\System32\gdi32full.dll
0x00007ffec62f0000 - 0x00007ffec638e000 	C:\WINDOWS\System32\msvcp_win.dll
0x00007ffec6aa0000 - 0x00007ffec6b9a000 	C:\WINDOWS\System32\ucrtbase.dll
0x00007ffeabe30000 - 0x00007ffeac0b4000 	C:\WINDOWS\WinSxS\amd64_microsoft.windows.common-controls_6595b64144ccf1df_6.0.18362.1082_none_9e8193e1e45b25c1\COMCTL32.dll
0x00007ffec73f0000 - 0x00007ffec7725000 	C:\WINDOWS\System32\combase.dll
0x00007ffec6ba0000 - 0x00007ffec6c20000 	C:\WINDOWS\System32\bcryptPrimitives.dll
0x00007ffec8580000 - 0x00007ffec85ae000 	C:\WINDOWS\System32\IMM32.DLL
0x0000000058240000 - 0x0000000058312000 	G:\Android Studio\jre\jre\bin\msvcr100.dll
0x0000000058400000 - 0x0000000058c4b000 	G:\Android Studio\jre\jre\bin\server\jvm.dll
0x00007ffec8bd0000 - 0x00007ffec8bd8000 	C:\WINDOWS\System32\PSAPI.DLL
0x00007ffeb93d0000 - 0x00007ffeb93da000 	C:\WINDOWS\SYSTEM32\VERSION.dll
0x00007ffec3d20000 - 0x00007ffec3d44000 	C:\WINDOWS\SYSTEM32\WINMM.dll
0x00007ffec4cb0000 - 0x00007ffec4cb9000 	C:\WINDOWS\SYSTEM32\WSOCK32.dll
0x00007ffec8db0000 - 0x00007ffec8e1f000 	C:\WINDOWS\System32\WS2_32.dll
0x00007ffec3980000 - 0x00007ffec39ad000 	C:\WINDOWS\SYSTEM32\WINMMBASE.dll
0x00007ffec73a0000 - 0x00007ffec73ea000 	C:\WINDOWS\System32\cfgmgr32.dll
0x00007ffebeff0000 - 0x00007ffebefff000 	G:\Android Studio\jre\jre\bin\verify.dll
0x00007ffeba9d0000 - 0x00007ffeba9f9000 	G:\Android Studio\jre\jre\bin\java.dll
0x00007ffeb8b40000 - 0x00007ffeb8b56000 	G:\Android Studio\jre\jre\bin\zip.dll
0x00007ffec7830000 - 0x00007ffec7f17000 	C:\WINDOWS\System32\SHELL32.dll
0x00007ffec8be0000 - 0x00007ffec8c89000 	C:\WINDOWS\System32\shcore.dll
0x00007ffec6c20000 - 0x00007ffec73a0000 	C:\WINDOWS\System32\windows.storage.dll
0x00007ffec6230000 - 0x00007ffec6253000 	C:\WINDOWS\System32\profapi.dll
0x00007ffec6260000 - 0x00007ffec62aa000 	C:\WINDOWS\System32\powrprof.dll
0x00007ffec6200000 - 0x00007ffec6210000 	C:\WINDOWS\System32\UMPDC.dll
0x00007ffec92a0000 - 0x00007ffec92f2000 	C:\WINDOWS\System32\shlwapi.dll
0x00007ffec62b0000 - 0x00007ffec62c1000 	C:\WINDOWS\System32\kernel.appcore.dll
0x00007ffec62d0000 - 0x00007ffec62e7000 	C:\WINDOWS\System32\cryptsp.dll
0x00007ffeb8ab0000 - 0x00007ffeb8aca000 	G:\Android Studio\jre\jre\bin\net.dll
0x00007ffec59d0000 - 0x00007ffec5a37000 	C:\WINDOWS\system32\mswsock.dll
0x00007ffeb2ed0000 - 0x00007ffeb2ee3000 	G:\Android Studio\jre\jre\bin\nio.dll
0x00007ffeb2bc0000 - 0x00007ffeb2be7000 	G:\Android Studio\gradle-6.5\native\f6784746aeab05261644944871eae4fe03e0ef1612fff0a4a95f87b438bc6780\windows-amd64\native-platform.dll
0x00007ffebc3f0000 - 0x00007ffebc3fd000 	G:\Android Studio\jre\jre\bin\management.dll
0x00007ffec5520000 - 0x00007ffec5553000 	C:\WINDOWS\system32\rsaenh.dll
0x00007ffec6390000 - 0x00007ffec63b6000 	C:\WINDOWS\System32\bcrypt.dll
0x00007ffec60e0000 - 0x00007ffec6105000 	C:\WINDOWS\SYSTEM32\USERENV.dll
0x00007ffec5bc0000 - 0x00007ffec5bcc000 	C:\WINDOWS\SYSTEM32\CRYPTBASE.dll
0x00007ffec56d0000 - 0x00007ffec570a000 	C:\WINDOWS\SYSTEM32\IPHLPAPI.DLL
0x00007ffec8e20000 - 0x00007ffec8e28000 	C:\WINDOWS\System32\NSI.dll
0x00007ffeb9ae0000 - 0x00007ffeb9af6000 	C:\WINDOWS\SYSTEM32\dhcpcsvc6.DLL
0x00007ffeba5e0000 - 0x00007ffeba5fc000 	C:\WINDOWS\SYSTEM32\dhcpcsvc.DLL
0x00007ffec5710000 - 0x00007ffec57db000 	C:\WINDOWS\SYSTEM32\DNSAPI.dll
0x00007ffebaf90000 - 0x00007ffebaf9b000 	C:\WINDOWS\SYSTEM32\WINNSI.DLL
0x00007ffec3e50000 - 0x00007ffec3e6e000 	C:\Users\Simon\AppData\Local\Temp\native-platform6740722037795444941dir\native-platform.dll

VM Arguments:
jvm_args: -Xmx2048m -Dfile.encoding=UTF-8 -Duser.country=US -Duser.language=en -Duser.variant 
java_command: org.gradle.launcher.daemon.bootstrap.GradleDaemon 6.5
java_class_path (initial): G:\Android Studio\gradle-6.5\wrapper\dists\gradle-6.5-all\2oz4ud9k3tuxjg84bbf55q0tn\gradle-6.5\lib\gradle-launcher-6.5.jar
Launcher Type: SUN_STANDARD

Environment Variables:
PATH=C:\ProgramData\Oracle\Java\javapath;C:\WINDOWS\system32;C:\WINDOWS;C:\WINDOWS\System32\Wbem;C:\WINDOWS\System32\WindowsPowerShell\v1.0\;C:\Program Files (x86)\Common Files\lenovo\easyplussdk\bin;C:\Program Files\Intel\WiFi\bin\;C:\Program Files\Common Files\Intel\WirelessCommon\;C:\WINDOWS\System32\OpenSSH\;C:\Program Files\Git\cmd;C:\Python32;C:\Users\Simon\AppData\Local\Microsoft\WindowsApps;C:\Program Files\Microsoft VS Code\bin;C:\Users\Simon\AppData\Local\Microsoft\WindowsApps;C:\Users\Simon\AppData\Local\GitHubDesktop\bin;C:\Program Files\Tesseract-OCR;F:\Microsoft VS Code\bin
USERNAME=parrsi01
OS=Windows_NT
PROCESSOR_IDENTIFIER=Intel64 Family 6 Model 78 Stepping 3, GenuineIntel



---------------  S Y S T E M  ---------------

OS: Windows 10.0 , 64 bit Build 18362 (10.0.18362.1082)

CPU:total 4 (initial active 4) (2 cores per cpu, 2 threads per core) family 6 model 78 stepping 3, cmov, cx8, fxsr, mmx, sse, sse2, sse3, ssse3, sse4.1, sse4.2, popcnt, avx, avx2, aes, clmul, erms, 3dnowpref, lzcnt, ht, tsc, tscinvbit, bmi1, bmi2, adx

Memory: 4k page, physical 8292256k(588484k free), swap 16668900k(6336k free)

vm_info: OpenJDK 64-Bit Server VM (25.242-b01) for windows-amd64 JRE (1.8.0_242-release-1644-b01), built by "builder" with MS VC++ 10.0 (VS2010)

time: Sun Dec 06 21:25:46 2020
timezone: Eastern Standard Time
elapsed time: 660 seconds (0d 0h 11m 0s)

